<?xml version="1.0" encoding="UTF-8"?>
<!-- Generated by org.testng.reporters.JUnitReportReporter -->
<testsuite skipped="0" hostname="shapan-HP" name="practicepackage.OpenBrowser" tests="1" failures="0" timestamp="2020-06-12T23:19:07 EDT" time="14.603" errors="0">
  <testcase name="open" time="14.603" classname="practicepackage.OpenBrowser"/>
  <system-out/>
</testsuite> <!-- practicepackage.OpenBrowser -->
