<?xml version="1.0" encoding="UTF-8"?>
<!-- Generated by org.testng.reporters.JUnitReportReporter -->
<testsuite skipped="0" hostname="shapan-HP" name="practicepackage.OpenBrowser" tests="1" failures="0" timestamp="2020-05-22T22:51:36 EDT" time="8.749" errors="0">
  <testcase name="open" time="8.749" classname="practicepackage.OpenBrowser"/>
  <system-out/>
</testsuite> <!-- practicepackage.OpenBrowser -->
