<?xml version="1.0" encoding="UTF-8"?>
<!-- Generated by org.testng.reporters.JUnitReportReporter -->
<testsuite skipped="0" hostname="shapan-HP" name="practicepackage.TestNGconcept" tests="2" failures="0" timestamp="2020-06-12T23:07:29 EDT" time="0.016" errors="0">
  <testcase name="titleTest" time="0.000" classname="practicepackage.TestNGconcept"/>
  <system-out/>
  <testcase name="loginTest" time="0.016" classname="practicepackage.TestNGconcept"/>
  <system-out/>
</testsuite> <!-- practicepackage.TestNGconcept -->
