<?xml version="1.0" encoding="UTF-8"?>
<!-- Generated by org.testng.reporters.JUnitReportReporter -->
<testsuite skipped="0" hostname="shapan-HP" name="practicepackage.JavaScriptUtil" tests="1" failures="0" timestamp="2020-05-21T01:43:06 EDT" time="9.489" errors="0">
  <testcase name="javascrpittest" time="9.489" classname="practicepackage.JavaScriptUtil"/>
  <system-out/>
</testsuite> <!-- practicepackage.JavaScriptUtil -->
