<?xml version="1.0" encoding="UTF-8"?>
<!-- Generated by org.testng.reporters.JUnitReportReporter -->
<testsuite skipped="0" hostname="shapan-HP" name="practicepackage.DataProviderTestNG" tests="1" failures="0" timestamp="2020-05-20T22:36:15 EDT" time="22.463" errors="0">
  <testcase name="dataprovidetest" time="22.463" classname="practicepackage.DataProviderTestNG"/>
  <system-out/>
</testsuite> <!-- practicepackage.DataProviderTestNG -->
