<?xml version="1.0" encoding="UTF-8"?>
<!-- Generated by org.testng.reporters.JUnitReportReporter -->
<testsuite skipped="0" hostname="shapan-HP" name="practicepackage.TestNGconcept" tests="2" failures="0" timestamp="2020-05-20T19:30:31 EDT" time="0.015" errors="0">
  <testcase name="titleTest" time="0.000" classname="practicepackage.TestNGconcept"/>
  <system-out/>
  <testcase name="loginTest" time="0.015" classname="practicepackage.TestNGconcept"/>
  <system-out/>
</testsuite> <!-- practicepackage.TestNGconcept -->
