<?xml version="1.0" encoding="UTF-8"?>
<!-- Generated by org.testng.reporters.JUnitReportReporter -->
<testsuite skipped="0" hostname="shapan-HP" name="practicepackage.DataProviderTestNG" tests="1" failures="0" timestamp="2020-06-12T23:24:46 EDT" time="14.823" errors="0">
  <testcase name="dataprovidetest" time="14.823" classname="practicepackage.DataProviderTestNG"/>
  <system-out/>
</testsuite> <!-- practicepackage.DataProviderTestNG -->
